# JRE version: OpenJDK Runtime Environment (11.0.12+7) (build 11.0.12+7-b1504.28-7817840)
# Java VM: OpenJDK 64-Bit Server VM (11.0.12+7-b1504.28-7817840, mixed mode, tiered, compressed oops, g1 gc, windows-amd64)
Heap:
 garbage-first heap   total 225280K, used 124021K [0x0000000080000000, 0x0000000100000000)
  region size 1024K, 18 young (18432K), 7 survivors (7168K)
 Metaspace       used 99232K, capacity 101831K, committed 102144K, reserved 1136640K
  class space    used 13102K, capacity 14150K, committed 14336K, reserved 1048576K
GC Heap History (20 events):
Event: 11.842 GC heap before
{Heap before GC invocations=14 (full 0):
 garbage-first heap   total 187392K, used 128060K [0x0000000080000000, 0x0000000100000000)
  region size 1024K, 82 young (83968K), 7 survivors (7168K)
 Metaspace       used 69807K, capacity 71407K, committed 71424K, reserved 1112064K
  class space    used 9098K, capacity 9712K, committed 9728K, reserved 1048576K
}
Event: 11.855 GC heap after
{Heap after GC invocations=15 (full 0):
 garbage-first heap   total 187392K, used 56566K [0x0000000080000000, 0x0000000100000000)
  region size 1024K, 10 young (10240K), 10 survivors (10240K)
 Metaspace       used 69807K, capacity 71407K, committed 71424K, reserved 1112064K
  class space    used 9098K, capacity 9712K, committed 9728K, reserved 1048576K
}
Event: 13.149 GC heap before
{Heap before GC invocations=15 (full 0):
 garbage-first heap   total 187392K, used 134390K [0x0000000080000000, 0x0000000100000000)
  region size 1024K, 86 young (88064K), 10 survivors (10240K)
 Metaspace       used 76428K, capacity 78194K, committed 78336K, reserved 1116160K
  class space    used 10061K, capacity 10721K, committed 10752K, reserved 1048576K
}
Event: 13.163 GC heap after
{Heap after GC invocations=16 (full 0):
 garbage-first heap   total 187392K, used 61101K [0x0000000080000000, 0x0000000100000000)
  region size 1024K, 10 young (10240K), 10 survivors (10240K)
 Metaspace       used 76428K, capacity 78194K, committed 78336K, reserved 1116160K
  class space    used 10061K, capacity 10721K, committed 10752K, reserved 1048576K
}
Event: 14.489 GC heap before
{Heap before GC invocations=16 (full 0):
 garbage-first heap   total 187392K, used 136877K [0x0000000080000000, 0x0000000100000000)
  region size 1024K, 85 young (87040K), 10 survivors (10240K)
 Metaspace       used 81258K, capacity 83323K, committed 83456K, reserved 1122304K
  class space    used 10735K, capacity 11510K, committed 11520K, reserved 1048576K
}
Event: 14.505 GC heap after
{Heap after GC invocations=17 (full 0):
 garbage-first heap   total 187392K, used 66979K [0x0000000080000000, 0x0000000100000000)
  region size 1024K, 11 young (11264K), 11 survivors (11264K)
 Metaspace       used 81258K, capacity 83323K, committed 83456K, reserved 1122304K
  class space    used 10735K, capacity 11510K, committed 11520K, reserved 1048576K
}
Event: 15.595 GC heap before
{Heap before GC invocations=17 (full 0):
 garbage-first heap   total 187392K, used 141731K [0x0000000080000000, 0x0000000100000000)
  region size 1024K, 85 young (87040K), 11 survivors (11264K)
 Metaspace       used 86151K, capacity 88254K, committed 88448K, reserved 1126400K
  class space    used 11300K, capacity 12081K, committed 12160K, reserved 1048576K
}
Event: 15.615 GC heap after
{Heap after GC invocations=18 (full 0):
 garbage-first heap   total 187392K, used 70888K [0x0000000080000000, 0x0000000100000000)
  region size 1024K, 10 young (10240K), 10 survivors (10240K)
 Metaspace       used 86151K, capacity 88254K, committed 88448K, reserved 1126400K
  class space    used 11300K, capacity 12081K, committed 12160K, reserved 1048576K
}
Event: 16.083 GC heap before
{Heap before GC invocations=18 (full 0):
 garbage-first heap   total 187392K, used 144616K [0x0000000080000000, 0x0000000100000000)
  region size 1024K, 83 young (84992K), 10 survivors (10240K)
 Metaspace       used 88108K, capacity 90219K, committed 90496K, reserved 1128448K
  class space    used 11544K, capacity 12343K, committed 12416K, reserved 1048576K
}
Event: 16.096 GC heap after
{Heap after GC invocations=19 (full 0):
 garbage-first heap   total 187392K, used 81634K [0x0000000080000000, 0x0000000100000000)
  region size 1024K, 11 young (11264K), 11 survivors (11264K)
 Metaspace       used 88108K, capacity 90219K, committed 90496K, reserved 1128448K
  class space    used 11544K, capacity 12343K, committed 12416K, reserved 1048576K
}
Event: 16.733 GC heap before
{Heap before GC invocations=19 (full 0):
 garbage-first heap   total 187392K, used 145122K [0x0000000080000000, 0x0000000100000000)
  region size 1024K, 74 young (75776K), 11 survivors (11264K)
 Metaspace       used 92791K, capacity 95127K, committed 95360K, reserved 1132544K
  class space    used 12205K, capacity 13097K, committed 13184K, reserved 1048576K
}
Event: 16.755 GC heap after
{Heap after GC invocations=20 (full 0):
 garbage-first heap   total 187392K, used 88244K [0x0000000080000000, 0x0000000100000000)
  region size 1024K, 10 young (10240K), 10 survivors (10240K)
 Metaspace       used 92791K, capacity 95127K, committed 95360K, reserved 1132544K
  class space    used 12205K, capacity 13097K, committed 13184K, reserved 1048576K
}
Event: 17.077 GC heap before
{Heap before GC invocations=20 (full 0):
 garbage-first heap   total 187392K, used 145588K [0x0000000080000000, 0x0000000100000000)
  region size 1024K, 67 young (68608K), 10 survivors (10240K)
 Metaspace       used 94437K, capacity 96940K, committed 97280K, reserved 1132544K
  class space    used 12473K, capacity 13458K, committed 13568K, reserved 1048576K
}
Event: 17.100 GC heap after
{Heap after GC invocations=21 (full 0):
 garbage-first heap   total 187392K, used 97451K [0x0000000080000000, 0x0000000100000000)
  region size 1024K, 9 young (9216K), 9 survivors (9216K)
 Metaspace       used 94437K, capacity 96940K, committed 97280K, reserved 1132544K
  class space    used 12473K, capacity 13458K, committed 13568K, reserved 1048576K
}
Event: 17.321 GC heap before
{Heap before GC invocations=21 (full 0):
 garbage-first heap   total 187392K, used 146603K [0x0000000080000000, 0x0000000100000000)
  region size 1024K, 58 young (59392K), 9 survivors (9216K)
 Metaspace       used 95949K, capacity 98657K, committed 98816K, reserved 1134592K
  class space    used 12742K, capacity 13801K, committed 13824K, reserved 1048576K
}
Event: 17.345 GC heap after
{Heap after GC invocations=22 (full 0):
 garbage-first heap   total 187392K, used 106358K [0x0000000080000000, 0x0000000100000000)
  region size 1024K, 8 young (8192K), 8 survivors (8192K)
 Metaspace       used 95949K, capacity 98657K, committed 98816K, reserved 1134592K
  class space    used 12742K, capacity 13801K, committed 13824K, reserved 1048576K
}
Event: 17.838 GC heap before
{Heap before GC invocations=23 (full 0):
 garbage-first heap   total 187392K, used 150390K [0x0000000080000000, 0x0000000100000000)
  region size 1024K, 51 young (52224K), 8 survivors (8192K)
 Metaspace       used 97580K, capacity 100127K, committed 100736K, reserved 1136640K
  class space    used 12902K, capacity 13924K, committed 14208K, reserved 1048576K
}
Event: 17.859 GC heap after
{Heap after GC invocations=24 (full 0):
 garbage-first heap   total 225280K, used 111020K [0x0000000080000000, 0x0000000100000000)
  region size 1024K, 5 young (5120K), 5 survivors (5120K)
 Metaspace       used 97580K, capacity 100127K, committed 100736K, reserved 1136640K
  class space    used 12902K, capacity 13924K, committed 14208K, reserved 1048576K
}
Event: 18.283 GC heap before
{Heap before GC invocations=24 (full 0):
 garbage-first heap   total 225280K, used 168364K [0x0000000080000000, 0x0000000100000000)
  region size 1024K, 61 young (62464K), 5 survivors (5120K)
 Metaspace       used 99010K, capacity 101617K, committed 102144K, reserved 1136640K
  class space    used 13089K, capacity 14141K, committed 14336K, reserved 1048576K
}
Event: 18.296 GC heap after
{Heap after GC invocations=25 (full 0):
 garbage-first heap   total 225280K, used 113781K [0x0000000080000000, 0x0000000100000000)
  region size 1024K, 7 young (7168K), 7 survivors (7168K)
 Metaspace       used 99010K, capacity 101617K, committed 102144K, reserved 1136640K
  class space    used 13089K, capacity 14141K, committed 14336K, reserved 1048576K
}

