# JRE version: OpenJDK Runtime Environment (11.0.12+7) (build 11.0.12+7-b1504.28-7817840)
# Java VM: OpenJDK 64-Bit Server VM (11.0.12+7-b1504.28-7817840, mixed mode, tiered, compressed oops, g1 gc, windows-amd64)
Heap:
 garbage-first heap   total 225280K, used 106496K [0x0000000080000000, 0x0000000100000000)
  region size 1024K, 8 young (8192K), 8 survivors (8192K)
 Metaspace       used 95663K, capacity 98205K, committed 98468K, reserved 1134592K
  class space    used 12659K, capacity 13667K, committed 13732K, reserved 1048576K
GC Heap History (20 events):
Event: 9.740 GC heap after
{Heap after GC invocations=10 (full 0):
 garbage-first heap   total 155648K, used 44734K [0x0000000080000000, 0x0000000100000000)
  region size 1024K, 12 young (12288K), 12 survivors (12288K)
 Metaspace       used 52109K, capacity 53370K, committed 53632K, reserved 1095680K
  class space    used 6674K, capacity 7174K, committed 7296K, reserved 1048576K
}
Event: 10.703 GC heap before
{Heap before GC invocations=10 (full 0):
 garbage-first heap   total 155648K, used 88766K [0x0000000080000000, 0x0000000100000000)
  region size 1024K, 56 young (57344K), 12 survivors (12288K)
 Metaspace       used 58905K, capacity 60290K, committed 60376K, reserved 1101824K
  class space    used 7519K, capacity 8069K, committed 8152K, reserved 1048576K
}
Event: 10.728 GC heap after
{Heap after GC invocations=11 (full 0):
 garbage-first heap   total 155648K, used 47358K [0x0000000080000000, 0x0000000100000000)
  region size 1024K, 3 young (3072K), 3 survivors (3072K)
 Metaspace       used 58905K, capacity 60290K, committed 60376K, reserved 1101824K
  class space    used 7519K, capacity 8069K, committed 8152K, reserved 1048576K
}
Event: 11.843 GC heap before
{Heap before GC invocations=12 (full 0):
 garbage-first heap   total 155648K, used 108798K [0x0000000080000000, 0x0000000100000000)
  region size 1024K, 64 young (65536K), 3 survivors (3072K)
 Metaspace       used 64549K, capacity 66038K, committed 66212K, reserved 1105920K
  class space    used 8224K, capacity 8783K, committed 8868K, reserved 1048576K
}
Event: 11.855 GC heap after
{Heap after GC invocations=13 (full 0):
 garbage-first heap   total 187392K, used 51818K [0x0000000080000000, 0x0000000100000000)
  region size 1024K, 7 young (7168K), 7 survivors (7168K)
 Metaspace       used 64549K, capacity 66038K, committed 66212K, reserved 1105920K
  class space    used 8224K, capacity 8783K, committed 8868K, reserved 1048576K
}
Event: 13.120 GC heap before
{Heap before GC invocations=14 (full 0):
 garbage-first heap   total 187392K, used 129642K [0x0000000080000000, 0x0000000100000000)
  region size 1024K, 82 young (83968K), 7 survivors (7168K)
 Metaspace       used 69877K, capacity 71471K, committed 71716K, reserved 1112064K
  class space    used 9101K, capacity 9712K, committed 9764K, reserved 1048576K
}
Event: 13.135 GC heap after
{Heap after GC invocations=15 (full 0):
 garbage-first heap   total 187392K, used 56562K [0x0000000080000000, 0x0000000100000000)
  region size 1024K, 10 young (10240K), 10 survivors (10240K)
 Metaspace       used 69877K, capacity 71471K, committed 71716K, reserved 1112064K
  class space    used 9101K, capacity 9712K, committed 9764K, reserved 1048576K
}
Event: 14.895 GC heap before
{Heap before GC invocations=15 (full 0):
 garbage-first heap   total 187392K, used 133362K [0x0000000080000000, 0x0000000100000000)
  region size 1024K, 85 young (87040K), 10 survivors (10240K)
 Metaspace       used 76408K, capacity 78193K, committed 78372K, reserved 1116160K
  class space    used 10053K, capacity 10721K, committed 10788K, reserved 1048576K
}
Event: 14.910 GC heap after
{Heap after GC invocations=16 (full 0):
 garbage-first heap   total 187392K, used 61531K [0x0000000080000000, 0x0000000100000000)
  region size 1024K, 10 young (10240K), 10 survivors (10240K)
 Metaspace       used 76408K, capacity 78193K, committed 78372K, reserved 1116160K
  class space    used 10053K, capacity 10721K, committed 10788K, reserved 1048576K
}
Event: 16.461 GC heap before
{Heap before GC invocations=16 (full 0):
 garbage-first heap   total 187392K, used 137307K [0x0000000080000000, 0x0000000100000000)
  region size 1024K, 85 young (87040K), 10 survivors (10240K)
 Metaspace       used 81178K, capacity 83281K, committed 83492K, reserved 1122304K
  class space    used 10720K, capacity 11519K, committed 11556K, reserved 1048576K
}
Event: 16.483 GC heap after
{Heap after GC invocations=17 (full 0):
 garbage-first heap   total 187392K, used 66752K [0x0000000080000000, 0x0000000100000000)
  region size 1024K, 10 young (10240K), 10 survivors (10240K)
 Metaspace       used 81178K, capacity 83281K, committed 83492K, reserved 1122304K
  class space    used 10720K, capacity 11519K, committed 11556K, reserved 1048576K
}
Event: 17.691 GC heap before
{Heap before GC invocations=17 (full 0):
 garbage-first heap   total 187392K, used 141504K [0x0000000080000000, 0x0000000100000000)
  region size 1024K, 84 young (86016K), 10 survivors (10240K)
 Metaspace       used 86191K, capacity 88303K, committed 88484K, reserved 1126400K
  class space    used 11305K, capacity 12099K, committed 12196K, reserved 1048576K
}
Event: 17.710 GC heap after
{Heap after GC invocations=18 (full 0):
 garbage-first heap   total 187392K, used 70430K [0x0000000080000000, 0x0000000100000000)
  region size 1024K, 9 young (9216K), 9 survivors (9216K)
 Metaspace       used 86191K, capacity 88303K, committed 88484K, reserved 1126400K
  class space    used 11305K, capacity 12099K, committed 12196K, reserved 1048576K
}
Event: 18.299 GC heap before
{Heap before GC invocations=18 (full 0):
 garbage-first heap   total 187392K, used 145182K [0x0000000080000000, 0x0000000100000000)
  region size 1024K, 84 young (86016K), 9 survivors (9216K)
 Metaspace       used 88062K, capacity 90215K, committed 90532K, reserved 1128448K
  class space    used 11524K, capacity 12362K, committed 12452K, reserved 1048576K
}
Event: 18.315 GC heap after
{Heap after GC invocations=19 (full 0):
 garbage-first heap   total 187392K, used 81920K [0x0000000080000000, 0x0000000100000000)
  region size 1024K, 11 young (11264K), 11 survivors (11264K)
 Metaspace       used 88062K, capacity 90215K, committed 90532K, reserved 1128448K
  class space    used 11524K, capacity 12362K, committed 12452K, reserved 1048576K
}
Event: 18.910 GC heap before
{Heap before GC invocations=19 (full 0):
 garbage-first heap   total 187392K, used 145408K [0x0000000080000000, 0x0000000100000000)
  region size 1024K, 74 young (75776K), 11 survivors (11264K)
 Metaspace       used 92626K, capacity 94985K, committed 95012K, reserved 1130496K
  class space    used 12166K, capacity 13072K, committed 13092K, reserved 1048576K
}
Event: 18.927 GC heap after
{Heap after GC invocations=20 (full 0):
 garbage-first heap   total 187392K, used 88450K [0x0000000080000000, 0x0000000100000000)
  region size 1024K, 10 young (10240K), 10 survivors (10240K)
 Metaspace       used 92626K, capacity 94985K, committed 95012K, reserved 1130496K
  class space    used 12166K, capacity 13072K, committed 13092K, reserved 1048576K
}
Event: 19.212 GC heap before
{Heap before GC invocations=20 (full 0):
 garbage-first heap   total 187392K, used 144770K [0x0000000080000000, 0x0000000100000000)
  region size 1024K, 66 young (67584K), 10 survivors (10240K)
 Metaspace       used 94444K, capacity 96925K, committed 97188K, reserved 1132544K
  class space    used 12457K, capacity 13431K, committed 13476K, reserved 1048576K
}
Event: 19.236 GC heap after
{Heap after GC invocations=21 (full 0):
 garbage-first heap   total 187392K, used 97453K [0x0000000080000000, 0x0000000100000000)
  region size 1024K, 9 young (9216K), 9 survivors (9216K)
 Metaspace       used 94444K, capacity 96925K, committed 97188K, reserved 1132544K
  class space    used 12457K, capacity 13431K, committed 13476K, reserved 1048576K
}
Event: 19.410 GC heap before
{Heap before GC invocations=21 (full 0):
 garbage-first heap   total 187392K, used 147629K [0x0000000080000000, 0x0000000100000000)
  region size 1024K, 58 young (59392K), 9 survivors (9216K)
 Metaspace       used 95663K, capacity 98205K, committed 98468K, reserved 1134592K
  class space    used 12659K, capacity 13667K, committed 13732K, reserved 1048576K
}

