# JRE version: OpenJDK Runtime Environment (11.0.12+7) (build 11.0.12+7-b1504.28-7817840)
# Java VM: OpenJDK 64-Bit Server VM (11.0.12+7-b1504.28-7817840, mixed mode, tiered, compressed oops, g1 gc, windows-amd64)
Heap:
 garbage-first heap   total 435200K, used 144486K [0x0000000080000000, 0x0000000100000000)
  region size 1024K, 5 young (5120K), 5 survivors (5120K)
 Metaspace       used 148567K, capacity 153335K, committed 153548K, reserved 1181696K
  class space    used 18920K, capacity 20627K, committed 20736K, reserved 1048576K
GC Heap History (20 events):
Event: 2532.738 GC heap after
{Heap after GC invocations=67 (full 0):
 garbage-first heap   total 187392K, used 146135K [0x0000000080000000, 0x0000000100000000)
  region size 1024K, 2 young (2048K), 2 survivors (2048K)
 Metaspace       used 141623K, capacity 146296K, committed 146380K, reserved 1175552K
  class space    used 18281K, capacity 19948K, committed 19968K, reserved 1048576K
}
Event: 2532.881 GC heap before
{Heap before GC invocations=67 (full 0):
 garbage-first heap   total 187392K, used 165591K [0x0000000080000000, 0x0000000100000000)
  region size 1024K, 14 young (14336K), 2 survivors (2048K)
 Metaspace       used 141918K, capacity 146583K, committed 146764K, reserved 1175552K
  class space    used 18303K, capacity 19991K, committed 20096K, reserved 1048576K
}
Event: 2532.888 GC heap after
{Heap after GC invocations=68 (full 0):
 garbage-first heap   total 187392K, used 147847K [0x0000000080000000, 0x0000000100000000)
  region size 1024K, 2 young (2048K), 2 survivors (2048K)
 Metaspace       used 141918K, capacity 146583K, committed 146764K, reserved 1175552K
  class space    used 18303K, capacity 19991K, committed 20096K, reserved 1048576K
}
Event: 2533.140 GC heap before
{Heap before GC invocations=69 (full 0):
 garbage-first heap   total 187392K, used 158087K [0x0000000080000000, 0x0000000100000000)
  region size 1024K, 13 young (13312K), 2 survivors (2048K)
 Metaspace       used 143515K, capacity 148242K, committed 148300K, reserved 1177600K
  class space    used 18413K, capacity 20087K, committed 20096K, reserved 1048576K
}
Event: 2533.144 GC heap after
{Heap after GC invocations=70 (full 0):
 garbage-first heap   total 187392K, used 149227K [0x0000000080000000, 0x0000000100000000)
  region size 1024K, 2 young (2048K), 2 survivors (2048K)
 Metaspace       used 143515K, capacity 148242K, committed 148300K, reserved 1177600K
  class space    used 18413K, capacity 20087K, committed 20096K, reserved 1048576K
}
Event: 2533.250 GC heap before
{Heap before GC invocations=70 (full 0):
 garbage-first heap   total 187392K, used 155371K [0x0000000080000000, 0x0000000100000000)
  region size 1024K, 9 young (9216K), 2 survivors (2048K)
 Metaspace       used 144937K, capacity 149650K, committed 149708K, reserved 1179648K
  class space    used 18549K, capacity 20215K, committed 20224K, reserved 1048576K
}
Event: 2533.259 GC heap after
{Heap after GC invocations=71 (full 0):
 garbage-first heap   total 187392K, used 148872K [0x0000000080000000, 0x0000000100000000)
  region size 1024K, 1 young (1024K), 1 survivors (1024K)
 Metaspace       used 144937K, capacity 149650K, committed 149708K, reserved 1179648K
  class space    used 18549K, capacity 20215K, committed 20224K, reserved 1048576K
}
Event: 2533.368 GC heap before
{Heap before GC invocations=71 (full 0):
 garbage-first heap   total 187392K, used 159112K [0x0000000080000000, 0x0000000100000000)
  region size 1024K, 12 young (12288K), 1 survivors (1024K)
 Metaspace       used 145286K, capacity 150002K, committed 150348K, reserved 1179648K
  class space    used 18571K, capacity 20247K, committed 20352K, reserved 1048576K
}
Event: 2533.373 GC heap after
{Heap after GC invocations=72 (full 0):
 garbage-first heap   total 187392K, used 149302K [0x0000000080000000, 0x0000000100000000)
  region size 1024K, 2 young (2048K), 2 survivors (2048K)
 Metaspace       used 145286K, capacity 150002K, committed 150348K, reserved 1179648K
  class space    used 18571K, capacity 20247K, committed 20352K, reserved 1048576K
}
Event: 2533.493 GC heap before
{Heap before GC invocations=72 (full 0):
 garbage-first heap   total 187392K, used 160566K [0x0000000080000000, 0x0000000100000000)
  region size 1024K, 13 young (13312K), 2 survivors (2048K)
 Metaspace       used 145968K, capacity 150610K, committed 150860K, reserved 1179648K
  class space    used 18619K, capacity 20279K, committed 20352K, reserved 1048576K
}
Event: 2533.497 GC heap after
{Heap after GC invocations=73 (full 0):
 garbage-first heap   total 187392K, used 148967K [0x0000000080000000, 0x0000000100000000)
  region size 1024K, 1 young (1024K), 1 survivors (1024K)
 Metaspace       used 145968K, capacity 150610K, committed 150860K, reserved 1179648K
  class space    used 18619K, capacity 20279K, committed 20352K, reserved 1048576K
}
Event: 2533.719 GC heap before
{Heap before GC invocations=73 (full 0):
 garbage-first heap   total 187392K, used 158183K [0x0000000080000000, 0x0000000100000000)
  region size 1024K, 12 young (12288K), 1 survivors (1024K)
 Metaspace       used 146514K, capacity 151191K, committed 151372K, reserved 1179648K
  class space    used 18683K, capacity 20344K, committed 20352K, reserved 1048576K
}
Event: 2533.740 GC heap after
{Heap after GC invocations=74 (full 0):
 garbage-first heap   total 225280K, used 147968K [0x0000000080000000, 0x0000000100000000)
  region size 1024K, 1 young (1024K), 1 survivors (1024K)
 Metaspace       used 146514K, capacity 151191K, committed 151372K, reserved 1179648K
  class space    used 18683K, capacity 20344K, committed 20352K, reserved 1048576K
}
Event: 2534.351 GC heap before
{Heap before GC invocations=75 (full 0):
 garbage-first heap   total 225280K, used 174592K [0x0000000080000000, 0x0000000100000000)
  region size 1024K, 28 young (28672K), 1 survivors (1024K)
 Metaspace       used 147533K, capacity 152215K, committed 152396K, reserved 1181696K
  class space    used 18802K, capacity 20493K, committed 20608K, reserved 1048576K
}
Event: 2534.358 GC heap after
{Heap after GC invocations=76 (full 0):
 garbage-first heap   total 225280K, used 148660K [0x0000000080000000, 0x0000000100000000)
  region size 1024K, 2 young (2048K), 2 survivors (2048K)
 Metaspace       used 147533K, capacity 152215K, committed 152396K, reserved 1181696K
  class space    used 18802K, capacity 20493K, committed 20608K, reserved 1048576K
}
Event: 2534.454 GC heap before
{Heap before GC invocations=76 (full 0):
 garbage-first heap   total 225280K, used 156852K [0x0000000080000000, 0x0000000100000000)
  region size 1024K, 11 young (11264K), 2 survivors (2048K)
 Metaspace       used 147592K, capacity 152291K, committed 152652K, reserved 1181696K
  class space    used 18808K, capacity 20495K, committed 20608K, reserved 1048576K
}
Event: 2534.459 GC heap after
{Heap after GC invocations=77 (full 0):
 garbage-first heap   total 225280K, used 140963K [0x0000000080000000, 0x0000000100000000)
  region size 1024K, 2 young (2048K), 2 survivors (2048K)
 Metaspace       used 147592K, capacity 152291K, committed 152652K, reserved 1181696K
  class space    used 18808K, capacity 20495K, committed 20608K, reserved 1048576K
}
Event: 2534.873 GC heap before
{Heap before GC invocations=77 (full 0):
 garbage-first heap   total 225280K, used 172707K [0x0000000080000000, 0x0000000100000000)
  region size 1024K, 35 young (35840K), 2 survivors (2048K)
 Metaspace       used 148007K, capacity 152695K, committed 152908K, reserved 1181696K
  class space    used 18859K, capacity 20544K, committed 20608K, reserved 1048576K
}
Event: 2534.917 GC heap after
{Heap after GC invocations=78 (full 0):
 garbage-first heap   total 225280K, used 141685K [0x0000000080000000, 0x0000000100000000)
  region size 1024K, 2 young (2048K), 2 survivors (2048K)
 Metaspace       used 148007K, capacity 152695K, committed 152908K, reserved 1181696K
  class space    used 18859K, capacity 20544K, committed 20608K, reserved 1048576K
}
Event: 2535.556 GC heap before
{Heap before GC invocations=79 (full 0):
 garbage-first heap   total 225280K, used 176501K [0x0000000080000000, 0x0000000100000000)
  region size 1024K, 37 young (37888K), 2 survivors (2048K)
 Metaspace       used 148567K, capacity 153335K, committed 153548K, reserved 1181696K
  class space    used 18920K, capacity 20627K, committed 20736K, reserved 1048576K
}

