# JRE version: OpenJDK Runtime Environment (11.0.12+7) (build 11.0.12+7-b1504.28-7817840)
# Java VM: OpenJDK 64-Bit Server VM (11.0.12+7-b1504.28-7817840, mixed mode, tiered, compressed oops, g1 gc, windows-amd64)
Heap:
 garbage-first heap   total 304128K, used 122249K [0x0000000080000000, 0x0000000100000000)
  region size 1024K, 8 young (8192K), 8 survivors (8192K)
 Metaspace       used 101393K, capacity 104040K, committed 104740K, reserved 1138688K
  class space    used 13318K, capacity 14351K, committed 14628K, reserved 1048576K
GC Heap History (20 events):
Event: 18.766 GC heap after
{Heap after GC invocations=20 (full 0):
 garbage-first heap   total 187392K, used 84104K [0x0000000080000000, 0x0000000100000000)
  region size 1024K, 9 young (9216K), 9 survivors (9216K)
 Metaspace       used 92806K, capacity 95283K, committed 95396K, reserved 1132544K
  class space    used 12187K, capacity 13130K, committed 13220K, reserved 1048576K
}
Event: 19.179 GC heap before
{Heap before GC invocations=20 (full 0):
 garbage-first heap   total 187392K, used 147592K [0x0000000080000000, 0x0000000100000000)
  region size 1024K, 72 young (73728K), 9 survivors (9216K)
 Metaspace       used 95424K, capacity 98037K, committed 98084K, reserved 1134592K
  class space    used 12563K, capacity 13598K, committed 13604K, reserved 1048576K
}
Event: 19.199 GC heap after
{Heap after GC invocations=21 (full 0):
 garbage-first heap   total 187392K, used 91136K [0x0000000080000000, 0x0000000100000000)
  region size 1024K, 9 young (9216K), 9 survivors (9216K)
 Metaspace       used 95424K, capacity 98037K, committed 98084K, reserved 1134592K
  class space    used 12563K, capacity 13598K, committed 13604K, reserved 1048576K
}
Event: 19.405 GC heap before
{Heap before GC invocations=21 (full 0):
 garbage-first heap   total 187392K, used 147456K [0x0000000080000000, 0x0000000100000000)
  region size 1024K, 65 young (66560K), 9 survivors (9216K)
 Metaspace       used 96740K, capacity 99446K, committed 99620K, reserved 1134592K
  class space    used 12799K, capacity 13854K, committed 13860K, reserved 1048576K
}
Event: 19.427 GC heap after
{Heap after GC invocations=22 (full 0):
 garbage-first heap   total 187392K, used 100503K [0x0000000080000000, 0x0000000100000000)
  region size 1024K, 9 young (9216K), 9 survivors (9216K)
 Metaspace       used 96740K, capacity 99446K, committed 99620K, reserved 1134592K
  class space    used 12799K, capacity 13854K, committed 13860K, reserved 1048576K
}
Event: 19.857 GC heap before
{Heap before GC invocations=22 (full 0):
 garbage-first heap   total 187392K, used 148631K [0x0000000080000000, 0x0000000100000000)
  region size 1024K, 57 young (58368K), 9 survivors (9216K)
 Metaspace       used 99244K, capacity 102025K, committed 102180K, reserved 1136640K
  class space    used 13193K, capacity 14283K, committed 14372K, reserved 1048576K
}
Event: 19.879 GC heap after
{Heap after GC invocations=23 (full 0):
 garbage-first heap   total 225280K, used 105912K [0x0000000080000000, 0x0000000100000000)
  region size 1024K, 6 young (6144K), 6 survivors (6144K)
 Metaspace       used 99244K, capacity 102025K, committed 102180K, reserved 1136640K
  class space    used 13193K, capacity 14283K, committed 14372K, reserved 1048576K
}
Event: 20.765 GC heap before
{Heap before GC invocations=24 (full 0):
 garbage-first heap   total 225280K, used 169400K [0x0000000080000000, 0x0000000100000000)
  region size 1024K, 68 young (69632K), 6 survivors (6144K)
 Metaspace       used 100305K, capacity 102954K, committed 103844K, reserved 1138688K
  class space    used 13183K, capacity 14189K, committed 14500K, reserved 1048576K
}
Event: 20.778 GC heap after
{Heap after GC invocations=25 (full 0):
 garbage-first heap   total 225280K, used 107215K [0x0000000080000000, 0x0000000100000000)
  region size 1024K, 2 young (2048K), 2 survivors (2048K)
 Metaspace       used 100305K, capacity 102954K, committed 103844K, reserved 1138688K
  class space    used 13183K, capacity 14189K, committed 14500K, reserved 1048576K
}
Event: 21.320 GC heap before
{Heap before GC invocations=25 (full 0):
 garbage-first heap   total 225280K, used 171727K [0x0000000080000000, 0x0000000100000000)
  region size 1024K, 66 young (67584K), 2 survivors (2048K)
 Metaspace       used 101295K, capacity 103965K, committed 104356K, reserved 1138688K
  class space    used 13305K, capacity 14354K, committed 14500K, reserved 1048576K
}
Event: 21.327 GC heap after
{Heap after GC invocations=26 (full 0):
 garbage-first heap   total 225280K, used 107337K [0x0000000080000000, 0x0000000100000000)
  region size 1024K, 2 young (2048K), 2 survivors (2048K)
 Metaspace       used 101295K, capacity 103965K, committed 104356K, reserved 1138688K
  class space    used 13305K, capacity 14354K, committed 14500K, reserved 1048576K
}
Event: 21.909 GC heap before
{Heap before GC invocations=27 (full 0):
 garbage-first heap   total 225280K, used 174921K [0x0000000080000000, 0x0000000100000000)
  region size 1024K, 69 young (70656K), 2 survivors (2048K)
 Metaspace       used 101324K, capacity 104000K, committed 104740K, reserved 1138688K
  class space    used 13306K, capacity 14339K, committed 14628K, reserved 1048576K
}
Event: 21.917 GC heap after
{Heap after GC invocations=28 (full 0):
 garbage-first heap   total 225280K, used 109244K [0x0000000080000000, 0x0000000100000000)
  region size 1024K, 4 young (4096K), 4 survivors (4096K)
 Metaspace       used 101324K, capacity 104000K, committed 104740K, reserved 1138688K
  class space    used 13306K, capacity 14339K, committed 14628K, reserved 1048576K
}
Event: 22.320 GC heap before
{Heap before GC invocations=28 (full 0):
 garbage-first heap   total 225280K, used 177852K [0x0000000080000000, 0x0000000100000000)
  region size 1024K, 72 young (73728K), 4 survivors (4096K)
 Metaspace       used 101366K, capacity 104025K, committed 104740K, reserved 1138688K
  class space    used 13316K, capacity 14346K, committed 14628K, reserved 1048576K
}
Event: 22.360 GC heap after
{Heap after GC invocations=29 (full 0):
 garbage-first heap   total 225280K, used 113310K [0x0000000080000000, 0x0000000100000000)
  region size 1024K, 8 young (8192K), 8 survivors (8192K)
 Metaspace       used 101366K, capacity 104025K, committed 104740K, reserved 1138688K
  class space    used 13316K, capacity 14346K, committed 14628K, reserved 1048576K
}
Event: 22.815 GC heap before
{Heap before GC invocations=30 (full 0):
 garbage-first heap   total 225280K, used 180894K [0x0000000080000000, 0x0000000100000000)
  region size 1024K, 75 young (76800K), 8 survivors (8192K)
 Metaspace       used 101368K, capacity 104025K, committed 104740K, reserved 1138688K
  class space    used 13316K, capacity 14346K, committed 14628K, reserved 1048576K
}
Event: 22.827 GC heap after
{Heap after GC invocations=31 (full 0):
 garbage-first heap   total 225280K, used 115224K [0x0000000080000000, 0x0000000100000000)
  region size 1024K, 7 young (7168K), 7 survivors (7168K)
 Metaspace       used 101368K, capacity 104025K, committed 104740K, reserved 1138688K
  class space    used 13316K, capacity 14346K, committed 14628K, reserved 1048576K
}
Event: 23.114 GC heap before
{Heap before GC invocations=31 (full 0):
 garbage-first heap   total 225280K, used 184856K [0x0000000080000000, 0x0000000100000000)
  region size 1024K, 75 young (76800K), 7 survivors (7168K)
 Metaspace       used 101388K, capacity 104037K, committed 104740K, reserved 1138688K
  class space    used 13318K, capacity 14350K, committed 14628K, reserved 1048576K
}
Event: 23.145 GC heap after
{Heap after GC invocations=32 (full 0):
 garbage-first heap   total 225280K, used 118415K [0x0000000080000000, 0x0000000100000000)
  region size 1024K, 6 young (6144K), 6 survivors (6144K)
 Metaspace       used 101388K, capacity 104037K, committed 104740K, reserved 1138688K
  class space    used 13318K, capacity 14350K, committed 14628K, reserved 1048576K
}
Event: 23.359 GC heap before
{Heap before GC invocations=32 (full 0):
 garbage-first heap   total 225280K, used 185999K [0x0000000080000000, 0x0000000100000000)
  region size 1024K, 73 young (74752K), 6 survivors (6144K)
 Metaspace       used 101393K, capacity 104040K, committed 104740K, reserved 1138688K
  class space    used 13318K, capacity 14351K, committed 14628K, reserved 1048576K
}

