# JRE version: OpenJDK Runtime Environment (11.0.12+7) (build 11.0.12+7-b1504.28-7817840)
# Java VM: OpenJDK 64-Bit Server VM (11.0.12+7-b1504.28-7817840, mixed mode, tiered, compressed oops, g1 gc, windows-amd64)
Heap:
 garbage-first heap   total 225280K, used 107387K [0x0000000080000000, 0x0000000100000000)
  region size 1024K, 7 young (7168K), 7 survivors (7168K)
 Metaspace       used 94216K, capacity 96897K, committed 97152K, reserved 1132544K
  class space    used 12480K, capacity 13573K, committed 13696K, reserved 1048576K
GC Heap History (20 events):
Event: 8.852 GC heap after
{Heap after GC invocations=10 (full 0):
 garbage-first heap   total 155648K, used 44524K [0x0000000080000000, 0x0000000100000000)
  region size 1024K, 12 young (12288K), 12 survivors (12288K)
 Metaspace       used 52086K, capacity 53310K, committed 53504K, reserved 1095680K
  class space    used 6669K, capacity 7133K, committed 7168K, reserved 1048576K
}
Event: 9.804 GC heap before
{Heap before GC invocations=10 (full 0):
 garbage-first heap   total 155648K, used 88556K [0x0000000080000000, 0x0000000100000000)
  region size 1024K, 56 young (57344K), 12 survivors (12288K)
 Metaspace       used 58872K, capacity 60230K, committed 60288K, reserved 1101824K
  class space    used 7516K, capacity 8028K, committed 8064K, reserved 1048576K
}
Event: 9.834 GC heap after
{Heap after GC invocations=11 (full 0):
 garbage-first heap   total 155648K, used 47497K [0x0000000080000000, 0x0000000100000000)
  region size 1024K, 3 young (3072K), 3 survivors (3072K)
 Metaspace       used 58872K, capacity 60230K, committed 60288K, reserved 1101824K
  class space    used 7516K, capacity 8028K, committed 8064K, reserved 1048576K
}
Event: 10.955 GC heap before
{Heap before GC invocations=12 (full 0):
 garbage-first heap   total 155648K, used 107913K [0x0000000080000000, 0x0000000100000000)
  region size 1024K, 63 young (64512K), 3 survivors (3072K)
 Metaspace       used 64387K, capacity 65876K, committed 66176K, reserved 1105920K
  class space    used 8213K, capacity 8772K, committed 8832K, reserved 1048576K
}
Event: 10.965 GC heap after
{Heap after GC invocations=13 (full 0):
 garbage-first heap   total 187392K, used 51555K [0x0000000080000000, 0x0000000100000000)
  region size 1024K, 7 young (7168K), 7 survivors (7168K)
 Metaspace       used 64387K, capacity 65876K, committed 66176K, reserved 1105920K
  class space    used 8213K, capacity 8772K, committed 8832K, reserved 1048576K
}
Event: 12.219 GC heap before
{Heap before GC invocations=13 (full 0):
 garbage-first heap   total 187392K, used 128355K [0x0000000080000000, 0x0000000100000000)
  region size 1024K, 81 young (82944K), 7 survivors (7168K)
 Metaspace       used 69669K, capacity 71270K, committed 71424K, reserved 1112064K
  class space    used 9091K, capacity 9667K, committed 9728K, reserved 1048576K
}
Event: 12.230 GC heap after
{Heap after GC invocations=14 (full 0):
 garbage-first heap   total 187392K, used 56892K [0x0000000080000000, 0x0000000100000000)
  region size 1024K, 10 young (10240K), 10 survivors (10240K)
 Metaspace       used 69669K, capacity 71270K, committed 71424K, reserved 1112064K
  class space    used 9091K, capacity 9667K, committed 9728K, reserved 1048576K
}
Event: 13.602 GC heap before
{Heap before GC invocations=14 (full 0):
 garbage-first heap   total 187392K, used 133692K [0x0000000080000000, 0x0000000100000000)
  region size 1024K, 85 young (87040K), 10 survivors (10240K)
 Metaspace       used 76232K, capacity 78006K, committed 78080K, reserved 1116160K
  class space    used 10035K, capacity 10705K, committed 10752K, reserved 1048576K
}
Event: 13.615 GC heap after
{Heap after GC invocations=15 (full 0):
 garbage-first heap   total 187392K, used 61608K [0x0000000080000000, 0x0000000100000000)
  region size 1024K, 10 young (10240K), 10 survivors (10240K)
 Metaspace       used 76232K, capacity 78006K, committed 78080K, reserved 1116160K
  class space    used 10035K, capacity 10705K, committed 10752K, reserved 1048576K
}
Event: 14.921 GC heap before
{Heap before GC invocations=15 (full 0):
 garbage-first heap   total 187392K, used 136360K [0x0000000080000000, 0x0000000100000000)
  region size 1024K, 84 young (86016K), 10 survivors (10240K)
 Metaspace       used 81196K, capacity 83258K, committed 83584K, reserved 1122304K
  class space    used 10749K, capacity 11539K, committed 11648K, reserved 1048576K
}
Event: 14.938 GC heap after
{Heap after GC invocations=16 (full 0):
 garbage-first heap   total 187392K, used 66911K [0x0000000080000000, 0x0000000100000000)
  region size 1024K, 10 young (10240K), 10 survivors (10240K)
 Metaspace       used 81196K, capacity 83258K, committed 83584K, reserved 1122304K
  class space    used 10749K, capacity 11539K, committed 11648K, reserved 1048576K
}
Event: 15.939 GC heap before
{Heap before GC invocations=16 (full 0):
 garbage-first heap   total 187392K, used 140639K [0x0000000080000000, 0x0000000100000000)
  region size 1024K, 83 young (84992K), 10 survivors (10240K)
 Metaspace       used 86092K, capacity 88306K, committed 88448K, reserved 1126400K
  class space    used 11323K, capacity 12151K, committed 12160K, reserved 1048576K
}
Event: 15.960 GC heap after
{Heap after GC invocations=17 (full 0):
 garbage-first heap   total 187392K, used 70656K [0x0000000080000000, 0x0000000100000000)
  region size 1024K, 9 young (9216K), 9 survivors (9216K)
 Metaspace       used 86092K, capacity 88306K, committed 88448K, reserved 1126400K
  class space    used 11323K, capacity 12151K, committed 12160K, reserved 1048576K
}
Event: 16.509 GC heap before
{Heap before GC invocations=17 (full 0):
 garbage-first heap   total 187392K, used 144383K [0x0000000080000000, 0x0000000100000000)
  region size 1024K, 82 young (83968K), 9 survivors (9216K)
 Metaspace       used 87749K, capacity 89909K, committed 90240K, reserved 1126400K
  class space    used 11509K, capacity 12328K, committed 12416K, reserved 1048576K
}
Event: 16.524 GC heap after
{Heap after GC invocations=18 (full 0):
 garbage-first heap   total 187392K, used 82031K [0x0000000080000000, 0x0000000100000000)
  region size 1024K, 11 young (11264K), 11 survivors (11264K)
 Metaspace       used 87749K, capacity 89909K, committed 90240K, reserved 1126400K
  class space    used 11509K, capacity 12328K, committed 12416K, reserved 1048576K
}
Event: 17.125 GC heap before
{Heap before GC invocations=18 (full 0):
 garbage-first heap   total 187392K, used 144495K [0x0000000080000000, 0x0000000100000000)
  region size 1024K, 73 young (74752K), 11 survivors (11264K)
 Metaspace       used 90928K, capacity 93260K, committed 93568K, reserved 1130496K
  class space    used 11922K, capacity 12817K, committed 12928K, reserved 1048576K
}
Event: 17.146 GC heap after
{Heap after GC invocations=19 (full 0):
 garbage-first heap   total 187392K, used 89668K [0x0000000080000000, 0x0000000100000000)
  region size 1024K, 10 young (10240K), 10 survivors (10240K)
 Metaspace       used 90928K, capacity 93260K, committed 93568K, reserved 1130496K
  class space    used 11922K, capacity 12817K, committed 12928K, reserved 1048576K
}
Event: 17.484 GC heap before
{Heap before GC invocations=19 (full 0):
 garbage-first heap   total 187392K, used 145988K [0x0000000080000000, 0x0000000100000000)
  region size 1024K, 65 young (66560K), 10 survivors (10240K)
 Metaspace       used 92223K, capacity 94650K, committed 94720K, reserved 1130496K
  class space    used 12117K, capacity 13042K, committed 13056K, reserved 1048576K
}
Event: 17.506 GC heap after
{Heap after GC invocations=20 (full 0):
 garbage-first heap   total 187392K, used 98681K [0x0000000080000000, 0x0000000100000000)
  region size 1024K, 9 young (9216K), 9 survivors (9216K)
 Metaspace       used 92223K, capacity 94650K, committed 94720K, reserved 1130496K
  class space    used 12117K, capacity 13042K, committed 13056K, reserved 1048576K
}
Event: 17.748 GC heap before
{Heap before GC invocations=20 (full 0):
 garbage-first heap   total 187392K, used 146809K [0x0000000080000000, 0x0000000100000000)
  region size 1024K, 56 young (57344K), 9 survivors (9216K)
 Metaspace       used 94216K, capacity 96897K, committed 97152K, reserved 1132544K
  class space    used 12480K, capacity 13573K, committed 13696K, reserved 1048576K
}

